<?xml version="1.0" encoding="UTF-8"?>
<testsuite name="TestParkingLot" tests="1" skipped="0" failures="0" errors="0" timestamp="2021-04-22T16:56:11" hostname="BODIPUDIs-MacBook-Pro.local" time="0.016">
  <properties/>
  <testcase name="testToParkTheCarInParkingLot()" classname="TestParkingLot" time="0.016"/>
  <system-out><![CDATA[]]></system-out>
  <system-err><![CDATA[]]></system-err>
</testsuite>
